<?xml version="1.0" encoding="UTF-8"?>
<!-- Generated by org.testng.reporters.JUnitReportReporter -->
<testsuite hostname="DESKTOP-AOENI2B" failures="0" tests="1" name="com.dhimas.belajar.belajarcucumber3.RunnerPostTest20" time="46.494" errors="0" timestamp="2022-12-03T12:31:46 WIB" skipped="0">
  <testcase classname="com.dhimas.belajar.belajarcucumber3.RunnerPostTest20" name="runScenario" time="46.494"/>
  <system-out/>
</testsuite> <!-- com.dhimas.belajar.belajarcucumber3.RunnerPostTest20 -->
